# JRE version: OpenJDK Runtime Environment Temurin-17.0.6+10 (17.0.6+10) (build 17.0.6+10)
# Java VM: OpenJDK 64-Bit Server VM Temurin-17.0.6+10 (17.0.6+10, mixed mode, emulated-client, tiered, compressed oops, compressed class ptrs, g1 gc, windows-amd64)
GC Precious Log:
 CPUs: 12 total, 12 available
 Memory: 16067M
 Large Page Support: Disabled
 NUMA Support: Disabled
 Compressed Oops: Enabled (32-bit)
 Heap Region Size: 1M
 Heap Min Capacity: 8M
 Heap Initial Capacity: 252M
 Heap Max Capacity: 1G
 Pre-touch: Disabled
 Parallel Workers: 10
 Concurrent Workers: 3
 Concurrent Refinement Workers: 10
 Periodic GC: Disabled
Heap:
 garbage-first heap   total 404480K, used 182537K [0x00000000c0000000, 0x0000000100000000)
  region size 1024K, 1 young (1024K), 0 survivors (0K)
 Metaspace       used 70048K, committed 70592K, reserved 1114112K
  class space    used 9590K, committed 9792K, reserved 1048576K
GC Heap History (20 events):
Event: 571432.829 GC heap before
{Heap before GC invocations=16810 (full 16704):
 garbage-first heap   total 404480K, used 182537K [0x00000000c0000000, 0x0000000100000000)
  region size 1024K, 1 young (1024K), 0 survivors (0K)
 Metaspace       used 70048K, committed 70592K, reserved 1114112K
  class space    used 9590K, committed 9792K, reserved 1048576K
}
Event: 571432.926 GC heap after
{Heap after GC invocations=16811 (full 16705):
 garbage-first heap   total 404480K, used 182537K [0x00000000c0000000, 0x0000000100000000)
  region size 1024K, 0 young (0K), 0 survivors (0K)
 Metaspace       used 70048K, committed 70592K, reserved 1114112K
  class space    used 9590K, committed 9792K, reserved 1048576K
}
Event: 571443.136 GC heap before
{Heap before GC invocations=16811 (full 16705):
 garbage-first heap   total 404480K, used 182537K [0x00000000c0000000, 0x0000000100000000)
  region size 1024K, 1 young (1024K), 0 survivors (0K)
 Metaspace       used 70048K, committed 70592K, reserved 1114112K
  class space    used 9590K, committed 9792K, reserved 1048576K
}
Event: 571443.217 GC heap after
{Heap after GC invocations=16812 (full 16706):
 garbage-first heap   total 404480K, used 182537K [0x00000000c0000000, 0x0000000100000000)
  region size 1024K, 0 young (0K), 0 survivors (0K)
 Metaspace       used 70048K, committed 70592K, reserved 1114112K
  class space    used 9590K, committed 9792K, reserved 1048576K
}
Event: 571453.459 GC heap before
{Heap before GC invocations=16812 (full 16706):
 garbage-first heap   total 404480K, used 182537K [0x00000000c0000000, 0x0000000100000000)
  region size 1024K, 1 young (1024K), 0 survivors (0K)
 Metaspace       used 70048K, committed 70592K, reserved 1114112K
  class space    used 9590K, committed 9792K, reserved 1048576K
}
Event: 571453.552 GC heap after
{Heap after GC invocations=16813 (full 16707):
 garbage-first heap   total 404480K, used 182537K [0x00000000c0000000, 0x0000000100000000)
  region size 1024K, 0 young (0K), 0 survivors (0K)
 Metaspace       used 70048K, committed 70592K, reserved 1114112K
  class space    used 9590K, committed 9792K, reserved 1048576K
}
Event: 571463.775 GC heap before
{Heap before GC invocations=16813 (full 16707):
 garbage-first heap   total 404480K, used 182537K [0x00000000c0000000, 0x0000000100000000)
  region size 1024K, 1 young (1024K), 0 survivors (0K)
 Metaspace       used 70048K, committed 70592K, reserved 1114112K
  class space    used 9590K, committed 9792K, reserved 1048576K
}
Event: 571463.862 GC heap after
{Heap after GC invocations=16814 (full 16708):
 garbage-first heap   total 404480K, used 182537K [0x00000000c0000000, 0x0000000100000000)
  region size 1024K, 0 young (0K), 0 survivors (0K)
 Metaspace       used 70048K, committed 70592K, reserved 1114112K
  class space    used 9590K, committed 9792K, reserved 1048576K
}
Event: 571474.111 GC heap before
{Heap before GC invocations=16814 (full 16708):
 garbage-first heap   total 404480K, used 182537K [0x00000000c0000000, 0x0000000100000000)
  region size 1024K, 1 young (1024K), 0 survivors (0K)
 Metaspace       used 70048K, committed 70592K, reserved 1114112K
  class space    used 9590K, committed 9792K, reserved 1048576K
}
Event: 571474.198 GC heap after
{Heap after GC invocations=16815 (full 16709):
 garbage-first heap   total 404480K, used 182537K [0x00000000c0000000, 0x0000000100000000)
  region size 1024K, 0 young (0K), 0 survivors (0K)
 Metaspace       used 70048K, committed 70592K, reserved 1114112K
  class space    used 9590K, committed 9792K, reserved 1048576K
}
Event: 571484.460 GC heap before
{Heap before GC invocations=16815 (full 16709):
 garbage-first heap   total 404480K, used 182537K [0x00000000c0000000, 0x0000000100000000)
  region size 1024K, 1 young (1024K), 0 survivors (0K)
 Metaspace       used 70048K, committed 70592K, reserved 1114112K
  class space    used 9590K, committed 9792K, reserved 1048576K
}
Event: 571484.549 GC heap after
{Heap after GC invocations=16816 (full 16710):
 garbage-first heap   total 404480K, used 182537K [0x00000000c0000000, 0x0000000100000000)
  region size 1024K, 0 young (0K), 0 survivors (0K)
 Metaspace       used 70048K, committed 70592K, reserved 1114112K
  class space    used 9590K, committed 9792K, reserved 1048576K
}
Event: 571494.799 GC heap before
{Heap before GC invocations=16816 (full 16710):
 garbage-first heap   total 404480K, used 182537K [0x00000000c0000000, 0x0000000100000000)
  region size 1024K, 1 young (1024K), 0 survivors (0K)
 Metaspace       used 70048K, committed 70592K, reserved 1114112K
  class space    used 9590K, committed 9792K, reserved 1048576K
}
Event: 571494.895 GC heap after
{Heap after GC invocations=16817 (full 16711):
 garbage-first heap   total 404480K, used 182537K [0x00000000c0000000, 0x0000000100000000)
  region size 1024K, 0 young (0K), 0 survivors (0K)
 Metaspace       used 70048K, committed 70592K, reserved 1114112K
  class space    used 9590K, committed 9792K, reserved 1048576K
}
Event: 571505.134 GC heap before
{Heap before GC invocations=16817 (full 16711):
 garbage-first heap   total 404480K, used 182537K [0x00000000c0000000, 0x0000000100000000)
  region size 1024K, 1 young (1024K), 0 survivors (0K)
 Metaspace       used 70048K, committed 70592K, reserved 1114112K
  class space    used 9590K, committed 9792K, reserved 1048576K
}
Event: 571505.219 GC heap after
{Heap after GC invocations=16818 (full 16712):
 garbage-first heap   total 404480K, used 182537K [0x00000000c0000000, 0x0000000100000000)
  region size 1024K, 0 young (0K), 0 survivors (0K)
 Metaspace       used 70048K, committed 70592K, reserved 1114112K
  class space    used 9590K, committed 9792K, reserved 1048576K
}
Event: 571515.449 GC heap before
{Heap before GC invocations=16818 (full 16712):
 garbage-first heap   total 404480K, used 182537K [0x00000000c0000000, 0x0000000100000000)
  region size 1024K, 1 young (1024K), 0 survivors (0K)
 Metaspace       used 70048K, committed 70592K, reserved 1114112K
  class space    used 9590K, committed 9792K, reserved 1048576K
}
Event: 571515.527 GC heap after
{Heap after GC invocations=16819 (full 16713):
 garbage-first heap   total 404480K, used 182537K [0x00000000c0000000, 0x0000000100000000)
  region size 1024K, 0 young (0K), 0 survivors (0K)
 Metaspace       used 70048K, committed 70592K, reserved 1114112K
  class space    used 9590K, committed 9792K, reserved 1048576K
}
Event: 571525.766 GC heap before
{Heap before GC invocations=16819 (full 16713):
 garbage-first heap   total 404480K, used 182537K [0x00000000c0000000, 0x0000000100000000)
  region size 1024K, 1 young (1024K), 0 survivors (0K)
 Metaspace       used 70048K, committed 70592K, reserved 1114112K
  class space    used 9590K, committed 9792K, reserved 1048576K
}
Event: 571525.853 GC heap after
{Heap after GC invocations=16820 (full 16714):
 garbage-first heap   total 404480K, used 182537K [0x00000000c0000000, 0x0000000100000000)
  region size 1024K, 0 young (0K), 0 survivors (0K)
 Metaspace       used 70048K, committed 70592K, reserved 1114112K
  class space    used 9590K, committed 9792K, reserved 1048576K
}

